2025-11-01 10:13:50,522 - INFO - 📁 Looking for config files...
2025-11-01 10:13:50,522 - INFO -    Devices file: /Users/basty/PycharmProjects/BevoNetBackup/config/devices.yaml
2025-11-01 10:13:50,522 - INFO -    Settings file: /Users/basty/PycharmProjects/BevoNetBackup/config/settings.yaml
2025-11-01 10:13:50,529 - INFO - ✅ Loaded 4 devices from config
2025-11-01 10:13:50,529 - INFO - 📁 Backup directory: /Users/basty/PycharmProjects/BevoNetBackup/backups
2025-11-01 10:13:50,530 - INFO - 💾 Starting backup for core-switch-01...
2025-11-01 10:13:50,530 - INFO - 🔌 Connecting to core-switch-01 (192.168.1.10)...
2025-11-01 10:13:51,165 - ERROR - ❌ Connection failed for core-switch-01: Simulated connection timeout
2025-11-01 10:13:51,165 - INFO - 💾 Starting backup for distribution-switch-01...
2025-11-01 10:13:51,165 - INFO - 🔌 Connecting to distribution-switch-01 (192.168.1.11)...
2025-11-01 10:13:53,113 - INFO - ✅ Successfully connected to distribution-switch-01
2025-11-01 10:13:54,337 - INFO - ✅ Successfully backed up distribution-switch-01 to distribution-switch-01_20251101_101354.cfg
2025-11-01 10:13:54,338 - INFO - 💾 Starting backup for juniper-firewall-01...
2025-11-01 10:13:54,338 - INFO - 🔌 Connecting to juniper-firewall-01 (192.168.1.12)...
2025-11-01 10:13:55,305 - INFO - ✅ Successfully connected to juniper-firewall-01
2025-11-01 10:13:56,519 - INFO - ✅ Successfully backed up juniper-firewall-01 to juniper-firewall-01_20251101_101356.cfg
2025-11-01 10:13:56,520 - INFO - 💾 Starting backup for arista-leaf-01...
2025-11-01 10:13:56,520 - INFO - 🔌 Connecting to arista-leaf-01 (192.168.1.13)...
2025-11-01 10:13:58,444 - INFO - ✅ Successfully connected to arista-leaf-01
2025-11-01 10:13:59,938 - INFO - ✅ Successfully backed up arista-leaf-01 to arista-leaf-01_20251101_101359.cfg
2025-11-02 18:32:54,651 - INFO - 📁 Looking for config files...
2025-11-02 18:32:54,652 - INFO -    Devices file: /Users/basty/PycharmProjects/BevoNetBackup/config/devices.yaml
2025-11-02 18:32:54,652 - INFO -    Settings file: /Users/basty/PycharmProjects/BevoNetBackup/config/settings.yaml
2025-11-02 18:32:54,659 - INFO - ✅ Loaded 4 devices from config
2025-11-02 18:32:54,659 - INFO - 📁 Backup directory: /Users/basty/PycharmProjects/BevoNetBackup/backups
2025-11-02 18:32:54,659 - INFO - 💾 Starting backup for core-switch-01...
2025-11-02 18:32:54,659 - INFO - 🔌 Connecting to core-switch-01 (192.168.1.10)...
2025-11-02 18:32:56,477 - INFO - ✅ Successfully connected to core-switch-01
2025-11-02 18:32:57,960 - INFO - ✅ Successfully backed up core-switch-01 to core-switch-01_20251102_183257.cfg
2025-11-02 18:32:57,961 - INFO - 💾 Starting backup for distribution-switch-01...
2025-11-02 18:32:57,961 - INFO - 🔌 Connecting to distribution-switch-01 (192.168.1.11)...
2025-11-02 18:32:59,746 - ERROR - ❌ Connection failed for distribution-switch-01: Simulated connection timeout
2025-11-02 18:32:59,746 - INFO - 💾 Starting backup for juniper-firewall-01...
2025-11-02 18:32:59,747 - INFO - 🔌 Connecting to juniper-firewall-01 (192.168.1.12)...
2025-11-02 18:33:01,532 - INFO - ✅ Successfully connected to juniper-firewall-01
2025-11-02 18:33:02,751 - INFO - ✅ Successfully backed up juniper-firewall-01 to juniper-firewall-01_20251102_183302.cfg
2025-11-02 18:33:02,754 - INFO - 💾 Starting backup for arista-leaf-01...
2025-11-02 18:33:02,754 - INFO - 🔌 Connecting to arista-leaf-01 (192.168.1.13)...
2025-11-02 18:33:03,711 - INFO - ✅ Successfully connected to arista-leaf-01
2025-11-02 18:33:04,381 - INFO - ✅ Successfully backed up arista-leaf-01 to arista-leaf-01_20251102_183304.cfg
2025-11-02 18:47:05,919 - INFO - 📁 Looking for config files...
2025-11-02 18:47:05,919 - INFO -    Devices file: /Users/basty/PycharmProjects/BevoNetBackup/config/devices.yaml
2025-11-02 18:47:05,920 - INFO -    Settings file: /Users/basty/PycharmProjects/BevoNetBackup/config/settings.yaml
2025-11-02 18:47:05,926 - INFO - ✅ Loaded 4 devices from config
2025-11-02 18:47:05,926 - INFO - 📁 Backup directory: /Users/basty/PycharmProjects/BevoNetBackup/backups
2025-11-02 18:47:05,926 - INFO - 💾 Starting backup for core-switch-01...
2025-11-02 18:47:05,926 - INFO - 🔌 Connecting to core-switch-01 (192.168.1.10)...
2025-11-02 18:47:07,624 - INFO - ✅ Successfully connected to core-switch-01
2025-11-02 18:47:09,029 - INFO - ✅ Successfully backed up core-switch-01 to core-switch-01_20251102_184709.cfg
2025-11-02 18:47:09,031 - INFO - 💾 Starting backup for distribution-switch-01...
2025-11-02 18:47:09,031 - INFO - 🔌 Connecting to distribution-switch-01 (192.168.1.11)...
2025-11-02 18:47:09,897 - INFO - ✅ Successfully connected to distribution-switch-01
2025-11-02 18:47:11,246 - INFO - ✅ Successfully backed up distribution-switch-01 to distribution-switch-01_20251102_184711.cfg
2025-11-02 18:47:11,247 - INFO - 💾 Starting backup for juniper-firewall-01...
2025-11-02 18:47:11,247 - INFO - 🔌 Connecting to juniper-firewall-01 (192.168.1.12)...
2025-11-02 18:47:11,960 - INFO - ✅ Successfully connected to juniper-firewall-01
2025-11-02 18:47:12,610 - INFO - ✅ Successfully backed up juniper-firewall-01 to juniper-firewall-01_20251102_184712.cfg
2025-11-02 18:47:12,613 - INFO - 💾 Starting backup for arista-leaf-01...
2025-11-02 18:47:12,613 - INFO - 🔌 Connecting to arista-leaf-01 (192.168.1.13)...
2025-11-02 18:47:14,544 - INFO - ✅ Successfully connected to arista-leaf-01
2025-11-02 18:47:15,604 - INFO - ✅ Successfully backed up arista-leaf-01 to arista-leaf-01_20251102_184715.cfg
2025-11-02 18:47:37,171 - INFO - 📁 Looking for config files...
2025-11-02 18:47:37,171 - INFO -    Devices file: /Users/basty/PycharmProjects/BevoNetBackup/config/devices.yaml
2025-11-02 18:47:37,172 - INFO -    Settings file: /Users/basty/PycharmProjects/BevoNetBackup/config/settings.yaml
2025-11-02 18:47:37,178 - INFO - ✅ Loaded 4 devices from config
2025-11-02 18:47:37,179 - INFO - 📁 Backup directory: /Users/basty/PycharmProjects/BevoNetBackup/backups
2025-11-02 18:47:37,179 - INFO - 💾 Starting backup for core-switch-01...
2025-11-02 18:47:37,179 - INFO - 🔌 Connecting to core-switch-01 (192.168.1.10)...
2025-11-02 18:47:38,523 - INFO - ✅ Successfully connected to core-switch-01
2025-11-02 18:47:40,214 - INFO - ✅ Successfully backed up core-switch-01 to core-switch-01_20251102_184740.cfg
2025-11-02 18:47:40,214 - INFO - 💾 Starting backup for distribution-switch-01...
2025-11-02 18:47:40,214 - INFO - 🔌 Connecting to distribution-switch-01 (192.168.1.11)...
2025-11-02 18:47:41,297 - INFO - ✅ Successfully connected to distribution-switch-01
2025-11-02 18:47:42,417 - INFO - ✅ Successfully backed up distribution-switch-01 to distribution-switch-01_20251102_184742.cfg
2025-11-02 18:47:42,418 - INFO - 💾 Starting backup for juniper-firewall-01...
2025-11-02 18:47:42,418 - INFO - 🔌 Connecting to juniper-firewall-01 (192.168.1.12)...
2025-11-02 18:47:43,835 - INFO - ✅ Successfully connected to juniper-firewall-01
2025-11-02 18:47:44,367 - INFO - ✅ Successfully backed up juniper-firewall-01 to juniper-firewall-01_20251102_184744.cfg
2025-11-02 18:47:44,368 - INFO - 💾 Starting backup for arista-leaf-01...
2025-11-02 18:47:44,369 - INFO - 🔌 Connecting to arista-leaf-01 (192.168.1.13)...
2025-11-02 18:47:45,298 - ERROR - ❌ Connection failed for arista-leaf-01: Simulated connection timeout
2025-11-02 18:53:40,612 - INFO - 📁 Looking for config files...
2025-11-02 18:53:40,613 - INFO -    Devices file: /Users/basty/PycharmProjects/BevoNetBackup/config/devices.yaml
2025-11-02 18:53:40,613 - INFO -    Settings file: /Users/basty/PycharmProjects/BevoNetBackup/config/settings.yaml
2025-11-02 18:53:40,621 - INFO - ✅ Loaded 4 devices from config
2025-11-02 18:53:40,622 - INFO - 📁 Backup directory: /Users/basty/PycharmProjects/BevoNetBackup/backups
2025-11-02 18:53:40,622 - INFO - 💾 Starting backup for core-switch-01...
2025-11-02 18:53:40,622 - INFO - 🔌 Connecting to core-switch-01 (192.168.1.10)...
2025-11-02 18:53:42,395 - ERROR - ❌ Connection failed for core-switch-01: Simulated connection timeout
2025-11-02 18:53:42,395 - INFO - 💾 Starting backup for distribution-switch-01...
2025-11-02 18:53:42,395 - INFO - 🔌 Connecting to distribution-switch-01 (192.168.1.11)...
2025-11-02 18:53:44,183 - INFO - ✅ Successfully connected to distribution-switch-01
2025-11-02 18:53:45,138 - INFO - ✅ Successfully backed up distribution-switch-01 to distribution-switch-01_20251102_185345.cfg
2025-11-02 18:53:45,140 - INFO - 💾 Starting backup for juniper-firewall-01...
2025-11-02 18:53:45,141 - INFO - 🔌 Connecting to juniper-firewall-01 (192.168.1.12)...
2025-11-02 18:53:46,891 - INFO - ✅ Successfully connected to juniper-firewall-01
2025-11-02 18:53:48,154 - INFO - ✅ Successfully backed up juniper-firewall-01 to juniper-firewall-01_20251102_185348.cfg
2025-11-02 18:53:48,155 - INFO - 💾 Starting backup for arista-leaf-01...
2025-11-02 18:53:48,155 - INFO - 🔌 Connecting to arista-leaf-01 (192.168.1.13)...
2025-11-02 18:53:50,026 - INFO - ✅ Successfully connected to arista-leaf-01
2025-11-02 18:53:50,757 - INFO - ✅ Successfully backed up arista-leaf-01 to arista-leaf-01_20251102_185350.cfg
2025-11-05 19:16:35,440 - INFO - 📁 Looking for config files...
2025-11-05 19:16:35,441 - INFO -    Devices file: /Users/basty/PycharmProjects/BevoNetBackup/config/devices.yaml
2025-11-05 19:16:35,441 - INFO -    Settings file: /Users/basty/PycharmProjects/BevoNetBackup/config/settings.yaml
2025-11-05 19:16:35,451 - INFO - ✅ Loaded 4 devices from config
2025-11-05 19:16:35,451 - INFO - 📁 Backup directory: /Users/basty/PycharmProjects/BevoNetBackup/backups
2025-11-05 19:16:35,452 - INFO - 💾 Starting backup for core-switch-01...
2025-11-05 19:16:35,452 - INFO - 🔌 Connecting to core-switch-01 (192.168.1.10)...
2025-11-05 19:16:36,277 - ERROR - ❌ Connection failed for core-switch-01: Simulated connection timeout
2025-11-05 19:16:36,277 - INFO - 💾 Starting backup for distribution-switch-01...
2025-11-05 19:16:36,277 - INFO - 🔌 Connecting to distribution-switch-01 (192.168.1.11)...
2025-11-05 19:16:37,687 - INFO - ✅ Successfully connected to distribution-switch-01
2025-11-05 19:16:39,401 - INFO - ✅ Successfully backed up distribution-switch-01 to distribution-switch-01_20251105_191639.cfg
2025-11-05 19:16:39,403 - INFO - 💾 Starting backup for juniper-firewall-01...
2025-11-05 19:16:39,403 - INFO - 🔌 Connecting to juniper-firewall-01 (192.168.1.12)...
2025-11-05 19:16:40,148 - INFO - ✅ Successfully connected to juniper-firewall-01
2025-11-05 19:16:41,590 - INFO - ✅ Successfully backed up juniper-firewall-01 to juniper-firewall-01_20251105_191641.cfg
2025-11-05 19:16:41,592 - INFO - 💾 Starting backup for arista-leaf-01...
2025-11-05 19:16:41,592 - INFO - 🔌 Connecting to arista-leaf-01 (192.168.1.13)...
2025-11-05 19:16:42,624 - INFO - ✅ Successfully connected to arista-leaf-01
2025-11-05 19:16:44,111 - INFO - ✅ Successfully backed up arista-leaf-01 to arista-leaf-01_20251105_191644.cfg
2025-11-05 19:18:56,803 - INFO - 📁 Looking for config files...
2025-11-05 19:18:56,803 - INFO -    Devices file: /Users/basty/PycharmProjects/BevoNetBackup/config/devices.yaml
2025-11-05 19:18:56,803 - INFO -    Settings file: /Users/basty/PycharmProjects/BevoNetBackup/config/settings.yaml
2025-11-05 19:18:56,811 - INFO -  Loaded 4 devices from config
2025-11-05 19:18:56,811 - INFO -  Backup directory: /Users/basty/PycharmProjects/BevoNetBackup/backups
2025-11-05 19:18:56,811 - INFO -  Starting backup for core-switch-01...
2025-11-05 19:18:56,811 - INFO - 🔌 Connecting to core-switch-01 (192.168.1.10)...
2025-11-05 19:18:57,907 - INFO -  Successfully connected to core-switch-01
2025-11-05 19:18:59,880 - INFO -  Successfully backed up core-switch-01 to core-switch-01_20251105_191859.cfg
2025-11-05 19:18:59,882 - INFO -  Starting backup for distribution-switch-01...
2025-11-05 19:18:59,883 - INFO - 🔌 Connecting to distribution-switch-01 (192.168.1.11)...
2025-11-05 19:19:00,925 - INFO -  Successfully connected to distribution-switch-01
2025-11-05 19:19:01,856 - INFO -  Successfully backed up distribution-switch-01 to distribution-switch-01_20251105_191901.cfg
2025-11-05 19:19:01,858 - INFO -  Starting backup for juniper-firewall-01...
2025-11-05 19:19:01,858 - INFO - 🔌 Connecting to juniper-firewall-01 (192.168.1.12)...
2025-11-05 19:19:02,701 - INFO -  Successfully connected to juniper-firewall-01
2025-11-05 19:19:04,023 - ERROR -  Error retrieving config: Simulated config retrieval error
2025-11-05 19:19:04,023 - INFO -  Starting backup for arista-leaf-01...
2025-11-05 19:19:04,023 - INFO - 🔌 Connecting to arista-leaf-01 (192.168.1.13)...
2025-11-05 19:19:04,570 - INFO -  Successfully connected to arista-leaf-01
2025-11-05 19:19:06,545 - INFO -  Successfully backed up arista-leaf-01 to arista-leaf-01_20251105_191906.cfg
2025-11-05 19:19:31,418 - INFO -  Looking for config files...
2025-11-05 19:19:31,418 - INFO -    Devices file: /Users/basty/PycharmProjects/BevoNetBackup/config/devices.yaml
2025-11-05 19:19:31,418 - INFO -    Settings file: /Users/basty/PycharmProjects/BevoNetBackup/config/settings.yaml
2025-11-05 19:19:31,424 - INFO -  Loaded 4 devices from config
2025-11-05 19:19:31,424 - INFO -  Backup directory: /Users/basty/PycharmProjects/BevoNetBackup/backups
2025-11-05 19:19:31,425 - INFO -  Starting backup for core-switch-01...
2025-11-05 19:19:31,425 - INFO - 🔌 Connecting to core-switch-01 (192.168.1.10)...
2025-11-05 19:19:32,114 - INFO -  Successfully connected to core-switch-01
2025-11-05 19:19:33,222 - INFO -  Successfully backed up core-switch-01 to core-switch-01_20251105_191933.cfg
2025-11-05 19:19:33,223 - INFO -  Starting backup for distribution-switch-01...
2025-11-05 19:19:33,223 - INFO - 🔌 Connecting to distribution-switch-01 (192.168.1.11)...
2025-11-05 19:19:35,171 - INFO -  Successfully connected to distribution-switch-01
2025-11-05 19:19:35,948 - INFO -  Successfully backed up distribution-switch-01 to distribution-switch-01_20251105_191935.cfg
2025-11-05 19:19:35,949 - INFO -  Starting backup for juniper-firewall-01...
2025-11-05 19:19:35,949 - INFO - 🔌 Connecting to juniper-firewall-01 (192.168.1.12)...
2025-11-05 19:19:37,947 - INFO -  Successfully connected to juniper-firewall-01
2025-11-05 19:19:39,641 - INFO -  Successfully backed up juniper-firewall-01 to juniper-firewall-01_20251105_191939.cfg
2025-11-05 19:19:39,642 - INFO -  Starting backup for arista-leaf-01...
2025-11-05 19:19:39,642 - INFO - 🔌 Connecting to arista-leaf-01 (192.168.1.13)...
2025-11-05 19:19:40,737 - INFO -  Successfully connected to arista-leaf-01
2025-11-05 19:19:41,923 - INFO -  Successfully backed up arista-leaf-01 to arista-leaf-01_20251105_191941.cfg
2025-11-06 11:57:55,887 - INFO -  Looking for config files...
2025-11-06 11:57:55,888 - INFO -    Devices file: /Users/basty/PycharmProjects/BevoNetBackup/config/devices.yaml
2025-11-06 11:57:55,888 - INFO -    Settings file: /Users/basty/PycharmProjects/BevoNetBackup/config/settings.yaml
2025-11-06 11:57:55,895 - INFO -  Loaded 4 devices from config
2025-11-06 11:57:55,896 - INFO -  Backup directory: /Users/basty/PycharmProjects/BevoNetBackup/backups
2025-11-06 11:57:55,896 - INFO -  Starting backup for core-switch-01...
2025-11-06 11:57:55,896 - INFO -  Connecting to core-switch-01 (192.168.1.10)...
2025-11-06 11:57:57,442 - INFO -  Successfully connected to core-switch-01
2025-11-06 11:57:58,375 - INFO -  Successfully backed up core-switch-01 to core-switch-01_20251106_115758.cfg
2025-11-06 11:57:58,377 - INFO -  Starting backup for distribution-switch-01...
2025-11-06 11:57:58,378 - INFO -  Connecting to distribution-switch-01 (192.168.1.11)...
2025-11-06 11:57:58,932 - INFO -  Successfully connected to distribution-switch-01
2025-11-06 11:57:59,764 - INFO -  Successfully backed up distribution-switch-01 to distribution-switch-01_20251106_115759.cfg
2025-11-06 11:57:59,765 - INFO -  Starting backup for juniper-firewall-01...
2025-11-06 11:57:59,765 - INFO -  Connecting to juniper-firewall-01 (192.168.1.12)...
2025-11-06 11:58:01,603 - INFO -  Successfully connected to juniper-firewall-01
2025-11-06 11:58:03,168 - INFO -  Successfully backed up juniper-firewall-01 to juniper-firewall-01_20251106_115803.cfg
2025-11-06 11:58:03,169 - INFO -  Starting backup for arista-leaf-01...
2025-11-06 11:58:03,170 - INFO -  Connecting to arista-leaf-01 (192.168.1.13)...
2025-11-06 11:58:04,070 - INFO -  Successfully connected to arista-leaf-01
2025-11-06 11:58:05,658 - INFO -  Successfully backed up arista-leaf-01 to arista-leaf-01_20251106_115805.cfg
2025-11-07 00:33:48,970 - INFO -  Looking for config files...
2025-11-07 00:33:48,971 - INFO -    Devices file: /Users/basty/PycharmProjects/BevoNetBackup/config/devices.yaml
2025-11-07 00:33:48,971 - INFO -    Settings file: /Users/basty/PycharmProjects/BevoNetBackup/config/settings.yaml
2025-11-07 00:33:48,979 - INFO -  Loaded 4 devices from config
2025-11-07 00:33:48,979 - INFO -  Backup directory: /Users/basty/PycharmProjects/BevoNetBackup/backups
2025-11-07 00:33:48,979 - INFO -  Starting backup for core-switch-01...
2025-11-07 00:33:48,979 - INFO -  Connecting to core-switch-01 (192.168.1.10)...
2025-11-07 00:33:50,631 - ERROR -  Connection failed for core-switch-01: Simulated connection timeout
2025-11-07 00:33:50,631 - INFO -  Starting backup for distribution-switch-01...
2025-11-07 00:33:50,631 - INFO -  Connecting to distribution-switch-01 (192.168.1.11)...
2025-11-07 00:33:51,859 - INFO -  Successfully connected to distribution-switch-01
2025-11-07 00:33:52,972 - INFO -  Successfully backed up distribution-switch-01 to distribution-switch-01_20251107_003352.cfg
2025-11-07 00:33:52,974 - INFO -  Starting backup for juniper-firewall-01...
2025-11-07 00:33:52,974 - INFO -  Connecting to juniper-firewall-01 (192.168.1.12)...
2025-11-07 00:33:53,487 - INFO -  Successfully connected to juniper-firewall-01
2025-11-07 00:33:54,017 - INFO -  Successfully backed up juniper-firewall-01 to juniper-firewall-01_20251107_003354.cfg
2025-11-07 00:33:54,018 - INFO -  Starting backup for arista-leaf-01...
2025-11-07 00:33:54,018 - INFO -  Connecting to arista-leaf-01 (192.168.1.13)...
2025-11-07 00:33:54,832 - INFO -  Successfully connected to arista-leaf-01
2025-11-07 00:33:56,827 - INFO -  Successfully backed up arista-leaf-01 to arista-leaf-01_20251107_003356.cfg
2025-11-10 21:14:49,566 - INFO -  Looking for config files...
2025-11-10 21:14:49,567 - INFO -    Devices file: /Users/basty/PycharmProjects/BevoNetBackup/config/devices.yaml
2025-11-10 21:14:49,567 - INFO -    Settings file: /Users/basty/PycharmProjects/BevoNetBackup/config/settings.yaml
2025-11-10 21:14:49,573 - INFO -  Loaded 4 devices from config
2025-11-10 21:14:49,574 - INFO -  Backup directory: /Users/basty/PycharmProjects/BevoNetBackup/backups
2025-11-10 21:14:49,574 - INFO -  Starting backup for core-switch-01...
2025-11-10 21:14:49,574 - INFO -  Connecting to core-switch-01 (192.168.1.10)...
2025-11-10 21:14:50,275 - INFO -  Successfully connected to core-switch-01
2025-11-10 21:14:52,252 - INFO -  Successfully backed up core-switch-01 to core-switch-01_20251110_211452.cfg
2025-11-10 21:14:52,254 - INFO -  Starting backup for distribution-switch-01...
2025-11-10 21:14:52,255 - INFO -  Connecting to distribution-switch-01 (192.168.1.11)...
2025-11-10 21:14:54,235 - INFO -  Successfully connected to distribution-switch-01
2025-11-10 21:56:48,717 - INFO -  Looking for config files...
2025-11-10 21:56:48,718 - INFO -    Devices file: /Users/basty/PycharmProjects/BevoNetBackup/config/devices.yaml
2025-11-10 21:56:48,718 - INFO -    Settings file: /Users/basty/PycharmProjects/BevoNetBackup/config/settings.yaml
2025-11-10 21:56:48,724 - INFO -  Loaded 4 devices from config
2025-11-10 21:56:48,725 - INFO -  Backup directory: /Users/basty/PycharmProjects/BevoNetBackup/backups
2025-11-10 21:56:48,725 - INFO -  Starting backup for core-switch-01...
2025-11-10 21:56:48,725 - INFO -  Connecting to core-switch-01 (192.168.1.10)...
2025-11-10 21:56:50,727 - INFO -  Successfully connected to core-switch-01
2025-11-10 21:59:26,374 - INFO -  Looking for config files...
2025-11-10 21:59:26,374 - INFO -    Devices file: /Users/basty/PycharmProjects/BevoNetBackup/config/devices.yaml
2025-11-10 21:59:26,374 - INFO -    Settings file: /Users/basty/PycharmProjects/BevoNetBackup/config/settings.yaml
2025-11-10 21:59:26,381 - INFO -  Loaded 4 devices from config
2025-11-10 21:59:26,381 - INFO -  Backup directory: /Users/basty/PycharmProjects/BevoNetBackup/backups
2025-11-10 21:59:26,381 - INFO -  Starting backup for core-switch-01...
2025-11-10 21:59:26,381 - INFO -  Connecting to core-switch-01 (192.168.1.10)...
2025-11-10 21:59:27,782 - INFO -  Successfully connected to core-switch-01
2025-11-10 21:59:28,553 - INFO -  Successfully backed up core-switch-01 to core-switch-01_20251110_215928.cfg
2025-11-10 21:59:28,554 - INFO -  Starting backup for distribution-switch-01...
2025-11-10 21:59:28,554 - INFO -  Connecting to distribution-switch-01 (192.168.1.11)...
2025-11-10 21:59:30,023 - INFO -  Successfully connected to distribution-switch-01
